0 info it worked if it ends with ok
1 verbose cli [ 'C:\\Program Files\\nodejs\\node.exe',
1 verbose cli   'C:\\Program Files\\nodejs\\node_modules\\npm\\bin\\npm-cli.js',
1 verbose cli   'install',
1 verbose cli   'Karms-phantomjs',
1 verbose cli   '-',
1 verbose cli   'launcher',
1 verbose cli   '--save-dev' ]
2 info using npm@3.10.3
3 info using node@v6.7.0
4 silly loadCurrentTree Starting
5 silly install loadCurrentTree
6 silly install readLocalPackageData
7 silly fetchPackageMetaData Karms-phantomjs
8 silly fetchPackageMetaData -
9 silly fetchPackageMetaData launcher
10 silly fetchNamedPackageData Karms-phantomjs
11 silly mapToRegistry name Karms-phantomjs
12 silly mapToRegistry using default registry
13 silly mapToRegistry registry https://registry.npmjs.org/
14 silly mapToRegistry data Result {
14 silly mapToRegistry   raw: 'Karms-phantomjs',
14 silly mapToRegistry   scope: null,
14 silly mapToRegistry   escapedName: 'Karms-phantomjs',
14 silly mapToRegistry   name: 'Karms-phantomjs',
14 silly mapToRegistry   rawSpec: '',
14 silly mapToRegistry   spec: 'latest',
14 silly mapToRegistry   type: 'tag' }
15 silly mapToRegistry uri https://registry.npmjs.org/Karms-phantomjs
16 silly fetchOtherPackageData -
17 silly cache add args [ '-', null ]
18 verbose cache add spec -
19 silly fetchNamedPackageData launcher
20 silly mapToRegistry name launcher
21 silly mapToRegistry using default registry
22 silly mapToRegistry registry https://registry.npmjs.org/
23 silly mapToRegistry data Result {
23 silly mapToRegistry   raw: 'launcher',
23 silly mapToRegistry   scope: null,
23 silly mapToRegistry   escapedName: 'launcher',
23 silly mapToRegistry   name: 'launcher',
23 silly mapToRegistry   rawSpec: '',
23 silly mapToRegistry   spec: 'latest',
23 silly mapToRegistry   type: 'tag' }
24 silly mapToRegistry uri https://registry.npmjs.org/launcher
25 silly cache add parsed spec Result {
25 silly cache add   raw: '-',
25 silly cache add   scope: null,
25 silly cache add   escapedName: null,
25 silly cache add   name: null,
25 silly cache add   rawSpec: '-',
25 silly cache add   spec: 'C:\\Users\\LENOVO\\Desktop\\Lab5\\-',
25 silly cache add   type: 'local' }
26 error addLocal Could not install C:\Users\LENOVO\Desktop\Lab5\-
27 silly fetchPackageMetaData Error: ENOENT: no such file or directory, open 'C:\Users\LENOVO\Desktop\Lab5\-'
27 silly fetchPackageMetaData     at Error (native)
27 silly fetchPackageMetaData  error for - { Error: ENOENT: no such file or directory, open 'C:\Users\LENOVO\Desktop\Lab5\-'
27 silly fetchPackageMetaData     at Error (native)
27 silly fetchPackageMetaData   errno: -4058,
27 silly fetchPackageMetaData   code: 'ENOENT',
27 silly fetchPackageMetaData   syscall: 'open',
27 silly fetchPackageMetaData   path: 'C:\\Users\\LENOVO\\Desktop\\Lab5\\-' }
28 verbose request uri https://registry.npmjs.org/Karms-phantomjs
29 verbose request no auth needed
30 info attempt registry request try #1 at 2:28:37 AM
31 verbose request id 0e6431778f90d89b
32 http request GET https://registry.npmjs.org/Karms-phantomjs
33 verbose request uri https://registry.npmjs.org/launcher
34 verbose request no auth needed
35 info attempt registry request try #1 at 2:28:37 AM
36 http request GET https://registry.npmjs.org/launcher
37 http 200 https://registry.npmjs.org/launcher
38 verbose headers { server: 'CouchDB/1.6.1 (Erlang OTP/R16B03)',
38 verbose headers   etag: '"CN5Q4G8V5DYHM3HM52RRS0G5K"',
38 verbose headers   'content-type': 'application/json',
38 verbose headers   'content-encoding': 'gzip',
38 verbose headers   'cache-control': 'max-age=300',
38 verbose headers   'content-length': '510',
38 verbose headers   'accept-ranges': 'bytes',
38 verbose headers   date: 'Tue, 04 Oct 2016 07:28:36 GMT',
38 verbose headers   via: '1.1 varnish',
38 verbose headers   age: '0',
38 verbose headers   connection: 'keep-alive',
38 verbose headers   'x-served-by': 'cache-ord1738-ORD',
38 verbose headers   'x-cache': 'MISS',
38 verbose headers   'x-cache-hits': '0',
38 verbose headers   'x-timer': 'S1475566116.081892,VS0,VE43',
38 verbose headers   vary: 'Accept-Encoding' }
39 silly get cb [ 200,
39 silly get   { server: 'CouchDB/1.6.1 (Erlang OTP/R16B03)',
39 silly get     etag: '"CN5Q4G8V5DYHM3HM52RRS0G5K"',
39 silly get     'content-type': 'application/json',
39 silly get     'content-encoding': 'gzip',
39 silly get     'cache-control': 'max-age=300',
39 silly get     'content-length': '510',
39 silly get     'accept-ranges': 'bytes',
39 silly get     date: 'Tue, 04 Oct 2016 07:28:36 GMT',
39 silly get     via: '1.1 varnish',
39 silly get     age: '0',
39 silly get     connection: 'keep-alive',
39 silly get     'x-served-by': 'cache-ord1738-ORD',
39 silly get     'x-cache': 'MISS',
39 silly get     'x-cache-hits': '0',
39 silly get     'x-timer': 'S1475566116.081892,VS0,VE43',
39 silly get     vary: 'Accept-Encoding' } ]
40 verbose get saving launcher to C:\Users\LENOVO\AppData\Roaming\npm-cache\registry.npmjs.org\launcher\.cache.json
41 verbose correctMkdir C:\Users\LENOVO\AppData\Roaming\npm-cache correctMkdir not in flight; initializing
42 http 404 https://registry.npmjs.org/Karms-phantomjs
43 verbose headers { 'content-type': 'application/json',
43 verbose headers   'cache-control': 'max-age=0',
43 verbose headers   'content-length': '2',
43 verbose headers   'accept-ranges': 'bytes',
43 verbose headers   date: 'Tue, 04 Oct 2016 07:28:36 GMT',
43 verbose headers   via: '1.1 varnish',
43 verbose headers   age: '0',
43 verbose headers   connection: 'keep-alive',
43 verbose headers   'x-served-by': 'cache-ord1746-ORD',
43 verbose headers   'x-cache': 'MISS',
43 verbose headers   'x-cache-hits': '0',
43 verbose headers   'x-timer': 'S1475566116.084512,VS0,VE230',
43 verbose headers   vary: 'Accept-Encoding' }
44 silly get cb [ 404,
44 silly get   { 'content-type': 'application/json',
44 silly get     'cache-control': 'max-age=0',
44 silly get     'content-length': '2',
44 silly get     'accept-ranges': 'bytes',
44 silly get     date: 'Tue, 04 Oct 2016 07:28:36 GMT',
44 silly get     via: '1.1 varnish',
44 silly get     age: '0',
44 silly get     connection: 'keep-alive',
44 silly get     'x-served-by': 'cache-ord1746-ORD',
44 silly get     'x-cache': 'MISS',
44 silly get     'x-cache-hits': '0',
44 silly get     'x-timer': 'S1475566116.084512,VS0,VE230',
44 silly get     vary: 'Accept-Encoding' } ]
45 silly fetchPackageMetaData Error: Registry returned 404 for GET on https://registry.npmjs.org/Karms-phantomjs
45 silly fetchPackageMetaData     at makeError (C:\Program Files\nodejs\node_modules\npm\node_modules\npm-registry-client\lib\request.js:264:12)
45 silly fetchPackageMetaData     at CachingRegistryClient.<anonymous> (C:\Program Files\nodejs\node_modules\npm\node_modules\npm-registry-client\lib\request.js:242:14)
45 silly fetchPackageMetaData     at Request._callback (C:\Program Files\nodejs\node_modules\npm\node_modules\npm-registry-client\lib\request.js:172:14)
45 silly fetchPackageMetaData     at Request.self.callback (C:\Program Files\nodejs\node_modules\npm\node_modules\request\request.js:200:22)
45 silly fetchPackageMetaData     at emitTwo (events.js:106:13)
45 silly fetchPackageMetaData     at Request.emit (events.js:191:7)
45 silly fetchPackageMetaData     at Request.<anonymous> (C:\Program Files\nodejs\node_modules\npm\node_modules\request\request.js:1067:10)
45 silly fetchPackageMetaData     at emitOne (events.js:101:20)
45 silly fetchPackageMetaData     at Request.emit (events.js:188:7)
45 silly fetchPackageMetaData     at IncomingMessage.<anonymous> (C:\Program Files\nodejs\node_modules\npm\node_modules\request\request.js:988:12)
45 silly fetchPackageMetaData  error for Karms-phantomjs { Error: Registry returned 404 for GET on https://registry.npmjs.org/Karms-phantomjs
45 silly fetchPackageMetaData     at makeError (C:\Program Files\nodejs\node_modules\npm\node_modules\npm-registry-client\lib\request.js:264:12)
45 silly fetchPackageMetaData     at CachingRegistryClient.<anonymous> (C:\Program Files\nodejs\node_modules\npm\node_modules\npm-registry-client\lib\request.js:242:14)
45 silly fetchPackageMetaData     at Request._callback (C:\Program Files\nodejs\node_modules\npm\node_modules\npm-registry-client\lib\request.js:172:14)
45 silly fetchPackageMetaData     at Request.self.callback (C:\Program Files\nodejs\node_modules\npm\node_modules\request\request.js:200:22)
45 silly fetchPackageMetaData     at emitTwo (events.js:106:13)
45 silly fetchPackageMetaData     at Request.emit (events.js:191:7)
45 silly fetchPackageMetaData     at Request.<anonymous> (C:\Program Files\nodejs\node_modules\npm\node_modules\request\request.js:1067:10)
45 silly fetchPackageMetaData     at emitOne (events.js:101:20)
45 silly fetchPackageMetaData     at Request.emit (events.js:188:7)
45 silly fetchPackageMetaData     at IncomingMessage.<anonymous> (C:\Program Files\nodejs\node_modules\npm\node_modules\request\request.js:988:12) pkgid: 'Karms-phantomjs', statusCode: 404, code: 'E404' }
46 silly rollbackFailedOptional Starting
47 silly rollbackFailedOptional Finishing
48 silly runTopLevelLifecycles Starting
49 silly runTopLevelLifecycles Finishing
50 silly install printInstalled
51 verbose stack Error: ENOENT: no such file or directory, open 'C:\Users\LENOVO\Desktop\Lab5\-'
51 verbose stack     at Error (native)
52 verbose cwd C:\Users\LENOVO\Desktop\Lab5
53 error Windows_NT 10.0.14393
54 error argv "C:\\Program Files\\nodejs\\node.exe" "C:\\Program Files\\nodejs\\node_modules\\npm\\bin\\npm-cli.js" "install" "Karms-phantomjs" "-" "launcher" "--save-dev"
55 error node v6.7.0
56 error npm  v3.10.3
57 error path C:\Users\LENOVO\Desktop\Lab5\-
58 error code ENOENT
59 error errno -4058
60 error syscall open
61 error enoent ENOENT: no such file or directory, open 'C:\Users\LENOVO\Desktop\Lab5\-'
62 error enoent ENOENT: no such file or directory, open 'C:\Users\LENOVO\Desktop\Lab5\-'
62 error enoent This is most likely not a problem with npm itself
62 error enoent and is related to npm not being able to find a file.
63 verbose exit [ -4058, true ]
